[INFO ] 363-2016-03-04 12:26:04,153 method:com.tgb.ccl.http.httpclient.HttpClientUtil.execute(HttpClientUtil.java:363) - 请求地址：https://scontent-hkg3-1.xx.fbcdn.net/hphotos-xaf1/t39.2365-6/11057093_824152007634067_1766252919_n.png
[INFO ] 363-2016-03-04 12:26:04,153 method:com.tgb.ccl.http.httpclient.HttpClientUtil.execute(HttpClientUtil.java:363) - 请求地址：http://blog.csdn.net/xiaoxian8023/article/details/49883113
[INFO ] 363-2016-03-04 12:26:04,153 method:com.tgb.ccl.http.httpclient.HttpClientUtil.execute(HttpClientUtil.java:363) - 请求地址：http://blog.csdn.net/xiaoxian8023/article/details/49909359
[INFO ] 363-2016-03-04 12:26:04,153 method:com.tgb.ccl.http.httpclient.HttpClientUtil.execute(HttpClientUtil.java:363) - 请求地址：http://ss.bdimg.com/static/superman/img/logo/logo_white_fe6da1ec.png
[INFO ] 363-2016-03-04 12:26:04,239 method:com.tgb.ccl.http.httpclient.HttpClientUtil.execute(HttpClientUtil.java:363) - 请求地址：http://blog.csdn.net/xiaoxian8023/article/details/49910127
[INFO ] 363-2016-03-04 12:26:04,240 method:com.tgb.ccl.http.httpclient.HttpClientUtil.execute(HttpClientUtil.java:363) - 请求地址：http://ss.bdimg.com/static/superman/img/logo/logo_white_fe6da1ec.png
[INFO ] 363-2016-03-04 12:26:04,243 method:com.tgb.ccl.http.httpclient.HttpClientUtil.execute(HttpClientUtil.java:363) - 请求地址：http://blog.csdn.net/xiaoxian8023/article/details/49910885
[INFO ] 363-2016-03-04 12:26:04,571 method:com.tgb.ccl.http.httpclient.HttpClientUtil.execute(HttpClientUtil.java:363) - 请求地址：https://scontent-hkg3-1.xx.fbcdn.net/hphotos-xaf1/t39.2365-6/11057093_824152007634067_1766252919_n.png
[INFO ] 363-2016-03-04 12:26:04,582 method:com.tgb.ccl.http.httpclient.HttpClientUtil.execute(HttpClientUtil.java:363) - 请求地址：http://blog.csdn.net/xiaoxian8023/article/details/49883113
[INFO ] 363-2016-03-04 12:26:04,650 method:com.tgb.ccl.http.httpclient.HttpClientUtil.execute(HttpClientUtil.java:363) - 请求地址：http://ss.bdimg.com/static/superman/img/logo/logo_white_fe6da1ec.png
[INFO ] 363-2016-03-04 12:26:04,653 method:com.tgb.ccl.http.httpclient.HttpClientUtil.execute(HttpClientUtil.java:363) - 请求地址：http://blog.csdn.net/xiaoxian8023/article/details/49909359
[INFO ] 363-2016-03-04 12:26:04,791 method:com.tgb.ccl.http.httpclient.HttpClientUtil.execute(HttpClientUtil.java:363) - 请求地址：https://scontent-hkg3-1.xx.fbcdn.net/hphotos-xaf1/t39.2365-6/11057093_824152007634067_1766252919_n.png
[INFO ] 363-2016-03-04 12:26:04,795 method:com.tgb.ccl.http.httpclient.HttpClientUtil.execute(HttpClientUtil.java:363) - 请求地址：http://blog.csdn.net/xiaoxian8023/article/details/49910127
[INFO ] 363-2016-03-04 12:26:04,891 method:com.tgb.ccl.http.httpclient.HttpClientUtil.execute(HttpClientUtil.java:363) - 请求地址：http://ss.bdimg.com/static/superman/img/logo/logo_white_fe6da1ec.png
[INFO ] 363-2016-03-04 12:26:04,897 method:com.tgb.ccl.http.httpclient.HttpClientUtil.execute(HttpClientUtil.java:363) - 请求地址：http://blog.csdn.net/xiaoxian8023/article/details/49910885
[INFO ] 363-2016-03-04 12:26:04,967 method:com.tgb.ccl.http.httpclient.HttpClientUtil.execute(HttpClientUtil.java:363) - 请求地址：https://scontent-hkg3-1.xx.fbcdn.net/hphotos-xaf1/t39.2365-6/11057093_824152007634067_1766252919_n.png
[INFO ] 363-2016-03-04 12:26:04,982 method:com.tgb.ccl.http.httpclient.HttpClientUtil.execute(HttpClientUtil.java:363) - 请求地址：http://blog.csdn.net/xiaoxian8023/article/details/49883113
[INFO ] 363-2016-03-04 12:26:05,039 method:com.tgb.ccl.http.httpclient.HttpClientUtil.execute(HttpClientUtil.java:363) - 请求地址：http://ss.bdimg.com/static/superman/img/logo/logo_white_fe6da1ec.png
[INFO ] 363-2016-03-04 12:26:05,043 method:com.tgb.ccl.http.httpclient.HttpClientUtil.execute(HttpClientUtil.java:363) - 请求地址：http://blog.csdn.net/xiaoxian8023/article/details/49909359
[INFO ] 363-2016-03-04 12:26:05,109 method:com.tgb.ccl.http.httpclient.HttpClientUtil.execute(HttpClientUtil.java:363) - 请求地址：https://scontent-hkg3-1.xx.fbcdn.net/hphotos-xaf1/t39.2365-6/11057093_824152007634067_1766252919_n.png
[INFO ] 363-2016-03-04 12:26:05,120 method:com.tgb.ccl.http.httpclient.HttpClientUtil.execute(HttpClientUtil.java:363) - 请求地址：http://blog.csdn.net/xiaoxian8023/article/details/49910127
[INFO ] 363-2016-03-04 12:26:05,276 method:com.tgb.ccl.http.httpclient.HttpClientUtil.execute(HttpClientUtil.java:363) - 请求地址：http://ss.bdimg.com/static/superman/img/logo/logo_white_fe6da1ec.png
[INFO ] 363-2016-03-04 12:26:05,280 method:com.tgb.ccl.http.httpclient.HttpClientUtil.execute(HttpClientUtil.java:363) - 请求地址：http://blog.csdn.net/xiaoxian8023/article/details/49910885
[INFO ] 363-2016-03-04 12:26:05,346 method:com.tgb.ccl.http.httpclient.HttpClientUtil.execute(HttpClientUtil.java:363) - 请求地址：https://scontent-hkg3-1.xx.fbcdn.net/hphotos-xaf1/t39.2365-6/11057093_824152007634067_1766252919_n.png
[INFO ] 363-2016-03-04 12:26:05,354 method:com.tgb.ccl.http.httpclient.HttpClientUtil.execute(HttpClientUtil.java:363) - 请求地址：http://blog.csdn.net/xiaoxian8023/article/details/49883113
[INFO ] 363-2016-03-04 12:26:05,432 method:com.tgb.ccl.http.httpclient.HttpClientUtil.execute(HttpClientUtil.java:363) - 请求地址：http://ss.bdimg.com/static/superman/img/logo/logo_white_fe6da1ec.png
[INFO ] 363-2016-03-04 12:26:05,436 method:com.tgb.ccl.http.httpclient.HttpClientUtil.execute(HttpClientUtil.java:363) - 请求地址：http://blog.csdn.net/xiaoxian8023/article/details/49909359
[INFO ] 363-2016-03-04 12:26:05,550 method:com.tgb.ccl.http.httpclient.HttpClientUtil.execute(HttpClientUtil.java:363) - 请求地址：https://scontent-hkg3-1.xx.fbcdn.net/hphotos-xaf1/t39.2365-6/11057093_824152007634067_1766252919_n.png
[INFO ] 363-2016-03-04 12:26:05,554 method:com.tgb.ccl.http.httpclient.HttpClientUtil.execute(HttpClientUtil.java:363) - 请求地址：http://blog.csdn.net/xiaoxian8023/article/details/49910127
[INFO ] 363-2016-03-04 12:26:05,704 method:com.tgb.ccl.http.httpclient.HttpClientUtil.execute(HttpClientUtil.java:363) - 请求地址：http://ss.bdimg.com/static/superman/img/logo/logo_white_fe6da1ec.png
[INFO ] 363-2016-03-04 12:26:05,707 method:com.tgb.ccl.http.httpclient.HttpClientUtil.execute(HttpClientUtil.java:363) - 请求地址：http://blog.csdn.net/xiaoxian8023/article/details/49910885
[INFO ] 363-2016-03-04 12:26:05,822 method:com.tgb.ccl.http.httpclient.HttpClientUtil.execute(HttpClientUtil.java:363) - 请求地址：https://scontent-hkg3-1.xx.fbcdn.net/hphotos-xaf1/t39.2365-6/11057093_824152007634067_1766252919_n.png
[INFO ] 363-2016-03-04 12:26:05,830 method:com.tgb.ccl.http.httpclient.HttpClientUtil.execute(HttpClientUtil.java:363) - 请求地址：http://blog.csdn.net/xiaoxian8023/article/details/49883113
[INFO ] 363-2016-03-04 12:26:06,005 method:com.tgb.ccl.http.httpclient.HttpClientUtil.execute(HttpClientUtil.java:363) - 请求地址：http://ss.bdimg.com/static/superman/img/logo/logo_white_fe6da1ec.png
[INFO ] 363-2016-03-04 12:26:06,013 method:com.tgb.ccl.http.httpclient.HttpClientUtil.execute(HttpClientUtil.java:363) - 请求地址：http://blog.csdn.net/xiaoxian8023/article/details/49909359
[INFO ] 363-2016-03-04 12:26:06,055 method:com.tgb.ccl.http.httpclient.HttpClientUtil.execute(HttpClientUtil.java:363) - 请求地址：https://scontent-hkg3-1.xx.fbcdn.net/hphotos-xaf1/t39.2365-6/11057093_824152007634067_1766252919_n.png
[INFO ] 363-2016-03-04 12:26:06,063 method:com.tgb.ccl.http.httpclient.HttpClientUtil.execute(HttpClientUtil.java:363) - 请求地址：http://blog.csdn.net/xiaoxian8023/article/details/49910127
[INFO ] 363-2016-03-04 12:26:06,145 method:com.tgb.ccl.http.httpclient.HttpClientUtil.execute(HttpClientUtil.java:363) - 请求地址：http://ss.bdimg.com/static/superman/img/logo/logo_white_fe6da1ec.png
[INFO ] 363-2016-03-04 12:26:06,151 method:com.tgb.ccl.http.httpclient.HttpClientUtil.execute(HttpClientUtil.java:363) - 请求地址：http://blog.csdn.net/xiaoxian8023/article/details/49910885
[INFO ] 363-2016-03-04 12:26:06,385 method:com.tgb.ccl.http.httpclient.HttpClientUtil.execute(HttpClientUtil.java:363) - 请求地址：https://scontent-hkg3-1.xx.fbcdn.net/hphotos-xaf1/t39.2365-6/11057093_824152007634067_1766252919_n.png
[INFO ] 363-2016-03-04 12:26:06,389 method:com.tgb.ccl.http.httpclient.HttpClientUtil.execute(HttpClientUtil.java:363) - 请求地址：http://blog.csdn.net/xiaoxian8023/article/details/49883113
[INFO ] 363-2016-03-04 12:26:06,439 method:com.tgb.ccl.http.httpclient.HttpClientUtil.execute(HttpClientUtil.java:363) - 请求地址：http://ss.bdimg.com/static/superman/img/logo/logo_white_fe6da1ec.png
[INFO ] 363-2016-03-04 12:26:06,442 method:com.tgb.ccl.http.httpclient.HttpClientUtil.execute(HttpClientUtil.java:363) - 请求地址：http://blog.csdn.net/xiaoxian8023/article/details/49909359
[INFO ] 363-2016-03-04 12:26:06,511 method:com.tgb.ccl.http.httpclient.HttpClientUtil.execute(HttpClientUtil.java:363) - 请求地址：https://scontent-hkg3-1.xx.fbcdn.net/hphotos-xaf1/t39.2365-6/11057093_824152007634067_1766252919_n.png
[INFO ] 363-2016-03-04 12:26:06,513 method:com.tgb.ccl.http.httpclient.HttpClientUtil.execute(HttpClientUtil.java:363) - 请求地址：http://blog.csdn.net/xiaoxian8023/article/details/49910127
[INFO ] 363-2016-03-04 12:26:06,582 method:com.tgb.ccl.http.httpclient.HttpClientUtil.execute(HttpClientUtil.java:363) - 请求地址：http://ss.bdimg.com/static/superman/img/logo/logo_white_fe6da1ec.png
[INFO ] 363-2016-03-04 12:26:06,587 method:com.tgb.ccl.http.httpclient.HttpClientUtil.execute(HttpClientUtil.java:363) - 请求地址：http://blog.csdn.net/xiaoxian8023/article/details/49910885
[INFO ] 363-2016-03-04 12:26:06,757 method:com.tgb.ccl.http.httpclient.HttpClientUtil.execute(HttpClientUtil.java:363) - 请求地址：https://scontent-hkg3-1.xx.fbcdn.net/hphotos-xaf1/t39.2365-6/11057093_824152007634067_1766252919_n.png
[INFO ] 363-2016-03-04 12:26:06,763 method:com.tgb.ccl.http.httpclient.HttpClientUtil.execute(HttpClientUtil.java:363) - 请求地址：http://blog.csdn.net/xiaoxian8023/article/details/49883113
[INFO ] 363-2016-03-04 12:26:06,805 method:com.tgb.ccl.http.httpclient.HttpClientUtil.execute(HttpClientUtil.java:363) - 请求地址：http://ss.bdimg.com/static/superman/img/logo/logo_white_fe6da1ec.png
[INFO ] 363-2016-03-04 12:26:06,808 method:com.tgb.ccl.http.httpclient.HttpClientUtil.execute(HttpClientUtil.java:363) - 请求地址：http://blog.csdn.net/xiaoxian8023/article/details/49909359
[INFO ] 363-2016-03-04 12:26:06,863 method:com.tgb.ccl.http.httpclient.HttpClientUtil.execute(HttpClientUtil.java:363) - 请求地址：https://scontent-hkg3-1.xx.fbcdn.net/hphotos-xaf1/t39.2365-6/11057093_824152007634067_1766252919_n.png
[INFO ] 363-2016-03-04 12:26:06,868 method:com.tgb.ccl.http.httpclient.HttpClientUtil.execute(HttpClientUtil.java:363) - 请求地址：http://blog.csdn.net/xiaoxian8023/article/details/49910127
[INFO ] 363-2016-03-04 12:26:06,947 method:com.tgb.ccl.http.httpclient.HttpClientUtil.execute(HttpClientUtil.java:363) - 请求地址：http://ss.bdimg.com/static/superman/img/logo/logo_white_fe6da1ec.png
[INFO ] 363-2016-03-04 12:26:06,953 method:com.tgb.ccl.http.httpclient.HttpClientUtil.execute(HttpClientUtil.java:363) - 请求地址：http://blog.csdn.net/xiaoxian8023/article/details/49910885
[INFO ] 363-2016-03-04 12:26:07,026 method:com.tgb.ccl.http.httpclient.HttpClientUtil.execute(HttpClientUtil.java:363) - 请求地址：https://scontent-hkg3-1.xx.fbcdn.net/hphotos-xaf1/t39.2365-6/11057093_824152007634067_1766252919_n.png
[INFO ] 363-2016-03-04 12:26:07,029 method:com.tgb.ccl.http.httpclient.HttpClientUtil.execute(HttpClientUtil.java:363) - 请求地址：http://blog.csdn.net/xiaoxian8023/article/details/49883113
[INFO ] 363-2016-03-04 12:26:07,188 method:com.tgb.ccl.http.httpclient.HttpClientUtil.execute(HttpClientUtil.java:363) - 请求地址：http://ss.bdimg.com/static/superman/img/logo/logo_white_fe6da1ec.png
[INFO ] 363-2016-03-04 12:26:07,190 method:com.tgb.ccl.http.httpclient.HttpClientUtil.execute(HttpClientUtil.java:363) - 请求地址：http://blog.csdn.net/xiaoxian8023/article/details/49909359
[INFO ] 363-2016-03-04 12:26:07,257 method:com.tgb.ccl.http.httpclient.HttpClientUtil.execute(HttpClientUtil.java:363) - 请求地址：https://scontent-hkg3-1.xx.fbcdn.net/hphotos-xaf1/t39.2365-6/11057093_824152007634067_1766252919_n.png
[INFO ] 363-2016-03-04 12:26:07,259 method:com.tgb.ccl.http.httpclient.HttpClientUtil.execute(HttpClientUtil.java:363) - 请求地址：http://blog.csdn.net/xiaoxian8023/article/details/49910127
[INFO ] 363-2016-03-04 12:26:07,373 method:com.tgb.ccl.http.httpclient.HttpClientUtil.execute(HttpClientUtil.java:363) - 请求地址：http://ss.bdimg.com/static/superman/img/logo/logo_white_fe6da1ec.png
[INFO ] 363-2016-03-04 12:26:07,376 method:com.tgb.ccl.http.httpclient.HttpClientUtil.execute(HttpClientUtil.java:363) - 请求地址：http://blog.csdn.net/xiaoxian8023/article/details/49910885
[INFO ] 363-2016-03-04 12:26:07,603 method:com.tgb.ccl.http.httpclient.HttpClientUtil.execute(HttpClientUtil.java:363) - 请求地址：https://scontent-hkg3-1.xx.fbcdn.net/hphotos-xaf1/t39.2365-6/11057093_824152007634067_1766252919_n.png
[INFO ] 363-2016-03-04 12:26:07,607 method:com.tgb.ccl.http.httpclient.HttpClientUtil.execute(HttpClientUtil.java:363) - 请求地址：http://blog.csdn.net/xiaoxian8023/article/details/49883113
[INFO ] 363-2016-03-04 12:26:07,698 method:com.tgb.ccl.http.httpclient.HttpClientUtil.execute(HttpClientUtil.java:363) - 请求地址：http://ss.bdimg.com/static/superman/img/logo/logo_white_fe6da1ec.png
[INFO ] 363-2016-03-04 12:26:07,700 method:com.tgb.ccl.http.httpclient.HttpClientUtil.execute(HttpClientUtil.java:363) - 请求地址：http://blog.csdn.net/xiaoxian8023/article/details/49909359
[INFO ] 363-2016-03-04 12:26:07,779 method:com.tgb.ccl.http.httpclient.HttpClientUtil.execute(HttpClientUtil.java:363) - 请求地址：https://scontent-hkg3-1.xx.fbcdn.net/hphotos-xaf1/t39.2365-6/11057093_824152007634067_1766252919_n.png
[INFO ] 363-2016-03-04 12:26:07,783 method:com.tgb.ccl.http.httpclient.HttpClientUtil.execute(HttpClientUtil.java:363) - 请求地址：http://blog.csdn.net/xiaoxian8023/article/details/49910127
[INFO ] 363-2016-03-04 12:26:07,888 method:com.tgb.ccl.http.httpclient.HttpClientUtil.execute(HttpClientUtil.java:363) - 请求地址：http://ss.bdimg.com/static/superman/img/logo/logo_white_fe6da1ec.png
[INFO ] 363-2016-03-04 12:26:07,892 method:com.tgb.ccl.http.httpclient.HttpClientUtil.execute(HttpClientUtil.java:363) - 请求地址：http://blog.csdn.net/xiaoxian8023/article/details/49910885
[INFO ] 363-2016-03-04 12:26:07,965 method:com.tgb.ccl.http.httpclient.HttpClientUtil.execute(HttpClientUtil.java:363) - 请求地址：https://scontent-hkg3-1.xx.fbcdn.net/hphotos-xaf1/t39.2365-6/11057093_824152007634067_1766252919_n.png
[INFO ] 363-2016-03-04 12:26:07,968 method:com.tgb.ccl.http.httpclient.HttpClientUtil.execute(HttpClientUtil.java:363) - 请求地址：http://blog.csdn.net/xiaoxian8023/article/details/49883113
[INFO ] 363-2016-03-04 12:26:08,059 method:com.tgb.ccl.http.httpclient.HttpClientUtil.execute(HttpClientUtil.java:363) - 请求地址：http://ss.bdimg.com/static/superman/img/logo/logo_white_fe6da1ec.png
[INFO ] 363-2016-03-04 12:26:08,062 method:com.tgb.ccl.http.httpclient.HttpClientUtil.execute(HttpClientUtil.java:363) - 请求地址：http://blog.csdn.net/xiaoxian8023/article/details/49909359
[INFO ] 363-2016-03-04 12:26:08,118 method:com.tgb.ccl.http.httpclient.HttpClientUtil.execute(HttpClientUtil.java:363) - 请求地址：https://scontent-hkg3-1.xx.fbcdn.net/hphotos-xaf1/t39.2365-6/11057093_824152007634067_1766252919_n.png
[INFO ] 363-2016-03-04 12:26:08,121 method:com.tgb.ccl.http.httpclient.HttpClientUtil.execute(HttpClientUtil.java:363) - 请求地址：http://blog.csdn.net/xiaoxian8023/article/details/49910127
[INFO ] 363-2016-03-04 12:26:08,172 method:com.tgb.ccl.http.httpclient.HttpClientUtil.execute(HttpClientUtil.java:363) - 请求地址：http://ss.bdimg.com/static/superman/img/logo/logo_white_fe6da1ec.png
[INFO ] 363-2016-03-04 12:26:08,177 method:com.tgb.ccl.http.httpclient.HttpClientUtil.execute(HttpClientUtil.java:363) - 请求地址：http://blog.csdn.net/xiaoxian8023/article/details/49910885
[INFO ] 363-2016-03-04 12:26:08,228 method:com.tgb.ccl.http.httpclient.HttpClientUtil.execute(HttpClientUtil.java:363) - 请求地址：https://scontent-hkg3-1.xx.fbcdn.net/hphotos-xaf1/t39.2365-6/11057093_824152007634067_1766252919_n.png
[INFO ] 371-2016-03-04 12:35:30,143 method:com.tgb.ccl.http.httpclient.HttpClientUtil.execute(HttpClientUtil.java:371) - 请求地址：http://tool.oschina.net/
[INFO ] 371-2016-03-04 12:35:30,370 method:com.tgb.ccl.http.httpclient.HttpClientUtil.execute(HttpClientUtil.java:371) - 请求地址：http://tool.oschina.net/
[INFO ] 371-2016-03-04 12:35:30,425 method:com.tgb.ccl.http.httpclient.HttpClientUtil.execute(HttpClientUtil.java:371) - 请求地址：http://tool.oschina.net/
[INFO ] 371-2016-03-04 12:36:06,286 method:com.tgb.ccl.http.httpclient.HttpClientUtil.execute(HttpClientUtil.java:371) - 请求地址：http://tool.oschina.net/
[INFO ] 371-2016-03-04 12:36:06,475 method:com.tgb.ccl.http.httpclient.HttpClientUtil.execute(HttpClientUtil.java:371) - 请求地址：http://tool.oschina.net/
[INFO ] 371-2016-03-04 12:36:06,532 method:com.tgb.ccl.http.httpclient.HttpClientUtil.execute(HttpClientUtil.java:371) - 请求地址：http://tool.oschina.net/
[INFO ] 371-2016-03-04 12:36:22,218 method:com.tgb.ccl.http.httpclient.HttpClientUtil.execute(HttpClientUtil.java:371) - 请求地址：http://ss.bdimg.com/static/superman/img/logo/logo_white_fe6da1ec.png
[INFO ] 371-2016-03-04 12:36:22,218 method:com.tgb.ccl.http.httpclient.HttpClientUtil.execute(HttpClientUtil.java:371) - 请求地址：https://scontent-hkg3-1.xx.fbcdn.net/hphotos-xaf1/t39.2365-6/11057093_824152007634067_1766252919_n.png
[INFO ] 371-2016-03-04 12:36:22,222 method:com.tgb.ccl.http.httpclient.HttpClientUtil.execute(HttpClientUtil.java:371) - 请求地址：http://blog.csdn.net/xiaoxian8023/article/details/49909359
[INFO ] 371-2016-03-04 12:36:22,223 method:com.tgb.ccl.http.httpclient.HttpClientUtil.execute(HttpClientUtil.java:371) - 请求地址：http://blog.csdn.net/xiaoxian8023/article/details/49883113
[INFO ] 371-2016-03-04 12:36:22,317 method:com.tgb.ccl.http.httpclient.HttpClientUtil.execute(HttpClientUtil.java:371) - 请求地址：http://blog.csdn.net/xiaoxian8023/article/details/49910127
[INFO ] 371-2016-03-04 12:36:22,319 method:com.tgb.ccl.http.httpclient.HttpClientUtil.execute(HttpClientUtil.java:371) - 请求地址：http://ss.bdimg.com/static/superman/img/logo/logo_white_fe6da1ec.png
[INFO ] 371-2016-03-04 12:36:22,324 method:com.tgb.ccl.http.httpclient.HttpClientUtil.execute(HttpClientUtil.java:371) - 请求地址：http://blog.csdn.net/xiaoxian8023/article/details/49910885
[INFO ] 371-2016-03-04 12:36:22,521 method:com.tgb.ccl.http.httpclient.HttpClientUtil.execute(HttpClientUtil.java:371) - 请求地址：https://scontent-hkg3-1.xx.fbcdn.net/hphotos-xaf1/t39.2365-6/11057093_824152007634067_1766252919_n.png
[INFO ] 371-2016-03-04 12:36:22,527 method:com.tgb.ccl.http.httpclient.HttpClientUtil.execute(HttpClientUtil.java:371) - 请求地址：http://blog.csdn.net/xiaoxian8023/article/details/49883113
[INFO ] 371-2016-03-04 12:36:22,543 method:com.tgb.ccl.http.httpclient.HttpClientUtil.execute(HttpClientUtil.java:371) - 请求地址：http://ss.bdimg.com/static/superman/img/logo/logo_white_fe6da1ec.png
[INFO ] 371-2016-03-04 12:36:22,548 method:com.tgb.ccl.http.httpclient.HttpClientUtil.execute(HttpClientUtil.java:371) - 请求地址：http://blog.csdn.net/xiaoxian8023/article/details/49909359
[INFO ] 371-2016-03-04 12:36:22,595 method:com.tgb.ccl.http.httpclient.HttpClientUtil.execute(HttpClientUtil.java:371) - 请求地址：https://scontent-hkg3-1.xx.fbcdn.net/hphotos-xaf1/t39.2365-6/11057093_824152007634067_1766252919_n.png
[INFO ] 371-2016-03-04 12:36:22,602 method:com.tgb.ccl.http.httpclient.HttpClientUtil.execute(HttpClientUtil.java:371) - 请求地址：http://blog.csdn.net/xiaoxian8023/article/details/49910127
[INFO ] 371-2016-03-04 12:36:22,634 method:com.tgb.ccl.http.httpclient.HttpClientUtil.execute(HttpClientUtil.java:371) - 请求地址：http://ss.bdimg.com/static/superman/img/logo/logo_white_fe6da1ec.png
[INFO ] 371-2016-03-04 12:36:22,636 method:com.tgb.ccl.http.httpclient.HttpClientUtil.execute(HttpClientUtil.java:371) - 请求地址：http://blog.csdn.net/xiaoxian8023/article/details/49910885
[INFO ] 371-2016-03-04 12:36:22,679 method:com.tgb.ccl.http.httpclient.HttpClientUtil.execute(HttpClientUtil.java:371) - 请求地址：https://scontent-hkg3-1.xx.fbcdn.net/hphotos-xaf1/t39.2365-6/11057093_824152007634067_1766252919_n.png
[INFO ] 371-2016-03-04 12:36:22,688 method:com.tgb.ccl.http.httpclient.HttpClientUtil.execute(HttpClientUtil.java:371) - 请求地址：http://blog.csdn.net/xiaoxian8023/article/details/49883113
[INFO ] 371-2016-03-04 12:36:22,715 method:com.tgb.ccl.http.httpclient.HttpClientUtil.execute(HttpClientUtil.java:371) - 请求地址：http://ss.bdimg.com/static/superman/img/logo/logo_white_fe6da1ec.png
[INFO ] 371-2016-03-04 12:36:22,718 method:com.tgb.ccl.http.httpclient.HttpClientUtil.execute(HttpClientUtil.java:371) - 请求地址：http://blog.csdn.net/xiaoxian8023/article/details/49909359
[INFO ] 371-2016-03-04 12:36:22,762 method:com.tgb.ccl.http.httpclient.HttpClientUtil.execute(HttpClientUtil.java:371) - 请求地址：https://scontent-hkg3-1.xx.fbcdn.net/hphotos-xaf1/t39.2365-6/11057093_824152007634067_1766252919_n.png
[INFO ] 371-2016-03-04 12:36:22,769 method:com.tgb.ccl.http.httpclient.HttpClientUtil.execute(HttpClientUtil.java:371) - 请求地址：http://blog.csdn.net/xiaoxian8023/article/details/49910127
[INFO ] 371-2016-03-04 12:36:22,802 method:com.tgb.ccl.http.httpclient.HttpClientUtil.execute(HttpClientUtil.java:371) - 请求地址：http://ss.bdimg.com/static/superman/img/logo/logo_white_fe6da1ec.png
[INFO ] 371-2016-03-04 12:36:22,809 method:com.tgb.ccl.http.httpclient.HttpClientUtil.execute(HttpClientUtil.java:371) - 请求地址：http://blog.csdn.net/xiaoxian8023/article/details/49910885
[INFO ] 371-2016-03-04 12:36:22,835 method:com.tgb.ccl.http.httpclient.HttpClientUtil.execute(HttpClientUtil.java:371) - 请求地址：https://scontent-hkg3-1.xx.fbcdn.net/hphotos-xaf1/t39.2365-6/11057093_824152007634067_1766252919_n.png
[INFO ] 371-2016-03-04 12:36:22,852 method:com.tgb.ccl.http.httpclient.HttpClientUtil.execute(HttpClientUtil.java:371) - 请求地址：http://blog.csdn.net/xiaoxian8023/article/details/49883113
[INFO ] 371-2016-03-04 12:36:22,947 method:com.tgb.ccl.http.httpclient.HttpClientUtil.execute(HttpClientUtil.java:371) - 请求地址：http://ss.bdimg.com/static/superman/img/logo/logo_white_fe6da1ec.png
[INFO ] 371-2016-03-04 12:36:22,954 method:com.tgb.ccl.http.httpclient.HttpClientUtil.execute(HttpClientUtil.java:371) - 请求地址：http://blog.csdn.net/xiaoxian8023/article/details/49909359
[INFO ] 371-2016-03-04 12:36:22,972 method:com.tgb.ccl.http.httpclient.HttpClientUtil.execute(HttpClientUtil.java:371) - 请求地址：https://scontent-hkg3-1.xx.fbcdn.net/hphotos-xaf1/t39.2365-6/11057093_824152007634067_1766252919_n.png
[INFO ] 371-2016-03-04 12:36:22,974 method:com.tgb.ccl.http.httpclient.HttpClientUtil.execute(HttpClientUtil.java:371) - 请求地址：http://blog.csdn.net/xiaoxian8023/article/details/49910127
[INFO ] 371-2016-03-04 12:36:23,024 method:com.tgb.ccl.http.httpclient.HttpClientUtil.execute(HttpClientUtil.java:371) - 请求地址：http://ss.bdimg.com/static/superman/img/logo/logo_white_fe6da1ec.png
[INFO ] 371-2016-03-04 12:36:23,030 method:com.tgb.ccl.http.httpclient.HttpClientUtil.execute(HttpClientUtil.java:371) - 请求地址：http://blog.csdn.net/xiaoxian8023/article/details/49910885
[INFO ] 371-2016-03-04 12:36:23,095 method:com.tgb.ccl.http.httpclient.HttpClientUtil.execute(HttpClientUtil.java:371) - 请求地址：https://scontent-hkg3-1.xx.fbcdn.net/hphotos-xaf1/t39.2365-6/11057093_824152007634067_1766252919_n.png
[INFO ] 371-2016-03-04 12:36:23,106 method:com.tgb.ccl.http.httpclient.HttpClientUtil.execute(HttpClientUtil.java:371) - 请求地址：http://blog.csdn.net/xiaoxian8023/article/details/49883113
[INFO ] 371-2016-03-04 12:36:23,118 method:com.tgb.ccl.http.httpclient.HttpClientUtil.execute(HttpClientUtil.java:371) - 请求地址：http://ss.bdimg.com/static/superman/img/logo/logo_white_fe6da1ec.png
[INFO ] 371-2016-03-04 12:36:23,125 method:com.tgb.ccl.http.httpclient.HttpClientUtil.execute(HttpClientUtil.java:371) - 请求地址：http://blog.csdn.net/xiaoxian8023/article/details/49909359
[INFO ] 371-2016-03-04 12:36:23,170 method:com.tgb.ccl.http.httpclient.HttpClientUtil.execute(HttpClientUtil.java:371) - 请求地址：https://scontent-hkg3-1.xx.fbcdn.net/hphotos-xaf1/t39.2365-6/11057093_824152007634067_1766252919_n.png
[INFO ] 371-2016-03-04 12:36:23,173 method:com.tgb.ccl.http.httpclient.HttpClientUtil.execute(HttpClientUtil.java:371) - 请求地址：http://blog.csdn.net/xiaoxian8023/article/details/49910127
[INFO ] 371-2016-03-04 12:36:23,179 method:com.tgb.ccl.http.httpclient.HttpClientUtil.execute(HttpClientUtil.java:371) - 请求地址：http://ss.bdimg.com/static/superman/img/logo/logo_white_fe6da1ec.png
[INFO ] 371-2016-03-04 12:36:23,181 method:com.tgb.ccl.http.httpclient.HttpClientUtil.execute(HttpClientUtil.java:371) - 请求地址：http://blog.csdn.net/xiaoxian8023/article/details/49910885
[INFO ] 371-2016-03-04 12:36:23,317 method:com.tgb.ccl.http.httpclient.HttpClientUtil.execute(HttpClientUtil.java:371) - 请求地址：https://scontent-hkg3-1.xx.fbcdn.net/hphotos-xaf1/t39.2365-6/11057093_824152007634067_1766252919_n.png
[INFO ] 371-2016-03-04 12:36:23,324 method:com.tgb.ccl.http.httpclient.HttpClientUtil.execute(HttpClientUtil.java:371) - 请求地址：http://blog.csdn.net/xiaoxian8023/article/details/49883113
[INFO ] 371-2016-03-04 12:36:23,343 method:com.tgb.ccl.http.httpclient.HttpClientUtil.execute(HttpClientUtil.java:371) - 请求地址：http://ss.bdimg.com/static/superman/img/logo/logo_white_fe6da1ec.png
[INFO ] 371-2016-03-04 12:36:23,351 method:com.tgb.ccl.http.httpclient.HttpClientUtil.execute(HttpClientUtil.java:371) - 请求地址：http://blog.csdn.net/xiaoxian8023/article/details/49909359
[INFO ] 371-2016-03-04 12:36:23,411 method:com.tgb.ccl.http.httpclient.HttpClientUtil.execute(HttpClientUtil.java:371) - 请求地址：https://scontent-hkg3-1.xx.fbcdn.net/hphotos-xaf1/t39.2365-6/11057093_824152007634067_1766252919_n.png
[INFO ] 371-2016-03-04 12:36:23,417 method:com.tgb.ccl.http.httpclient.HttpClientUtil.execute(HttpClientUtil.java:371) - 请求地址：http://blog.csdn.net/xiaoxian8023/article/details/49910127
[INFO ] 371-2016-03-04 12:36:23,426 method:com.tgb.ccl.http.httpclient.HttpClientUtil.execute(HttpClientUtil.java:371) - 请求地址：http://ss.bdimg.com/static/superman/img/logo/logo_white_fe6da1ec.png
[INFO ] 371-2016-03-04 12:36:23,431 method:com.tgb.ccl.http.httpclient.HttpClientUtil.execute(HttpClientUtil.java:371) - 请求地址：http://blog.csdn.net/xiaoxian8023/article/details/49910885
[INFO ] 371-2016-03-04 12:36:23,475 method:com.tgb.ccl.http.httpclient.HttpClientUtil.execute(HttpClientUtil.java:371) - 请求地址：https://scontent-hkg3-1.xx.fbcdn.net/hphotos-xaf1/t39.2365-6/11057093_824152007634067_1766252919_n.png
[INFO ] 371-2016-03-04 12:36:23,480 method:com.tgb.ccl.http.httpclient.HttpClientUtil.execute(HttpClientUtil.java:371) - 请求地址：http://blog.csdn.net/xiaoxian8023/article/details/49883113
[INFO ] 371-2016-03-04 12:36:23,504 method:com.tgb.ccl.http.httpclient.HttpClientUtil.execute(HttpClientUtil.java:371) - 请求地址：http://ss.bdimg.com/static/superman/img/logo/logo_white_fe6da1ec.png
[INFO ] 371-2016-03-04 12:36:23,507 method:com.tgb.ccl.http.httpclient.HttpClientUtil.execute(HttpClientUtil.java:371) - 请求地址：http://blog.csdn.net/xiaoxian8023/article/details/49909359
[INFO ] 371-2016-03-04 12:36:23,527 method:com.tgb.ccl.http.httpclient.HttpClientUtil.execute(HttpClientUtil.java:371) - 请求地址：https://scontent-hkg3-1.xx.fbcdn.net/hphotos-xaf1/t39.2365-6/11057093_824152007634067_1766252919_n.png
[INFO ] 371-2016-03-04 12:36:23,532 method:com.tgb.ccl.http.httpclient.HttpClientUtil.execute(HttpClientUtil.java:371) - 请求地址：http://blog.csdn.net/xiaoxian8023/article/details/49910127
[INFO ] 371-2016-03-04 12:36:23,634 method:com.tgb.ccl.http.httpclient.HttpClientUtil.execute(HttpClientUtil.java:371) - 请求地址：http://ss.bdimg.com/static/superman/img/logo/logo_white_fe6da1ec.png
[INFO ] 371-2016-03-04 12:36:23,637 method:com.tgb.ccl.http.httpclient.HttpClientUtil.execute(HttpClientUtil.java:371) - 请求地址：http://blog.csdn.net/xiaoxian8023/article/details/49910885
[INFO ] 371-2016-03-04 12:36:23,680 method:com.tgb.ccl.http.httpclient.HttpClientUtil.execute(HttpClientUtil.java:371) - 请求地址：https://scontent-hkg3-1.xx.fbcdn.net/hphotos-xaf1/t39.2365-6/11057093_824152007634067_1766252919_n.png
[INFO ] 371-2016-03-04 12:36:23,689 method:com.tgb.ccl.http.httpclient.HttpClientUtil.execute(HttpClientUtil.java:371) - 请求地址：http://blog.csdn.net/xiaoxian8023/article/details/49883113
[INFO ] 371-2016-03-04 12:36:23,748 method:com.tgb.ccl.http.httpclient.HttpClientUtil.execute(HttpClientUtil.java:371) - 请求地址：http://ss.bdimg.com/static/superman/img/logo/logo_white_fe6da1ec.png
[INFO ] 371-2016-03-04 12:36:23,760 method:com.tgb.ccl.http.httpclient.HttpClientUtil.execute(HttpClientUtil.java:371) - 请求地址：http://blog.csdn.net/xiaoxian8023/article/details/49909359
[INFO ] 371-2016-03-04 12:36:23,761 method:com.tgb.ccl.http.httpclient.HttpClientUtil.execute(HttpClientUtil.java:371) - 请求地址：https://scontent-hkg3-1.xx.fbcdn.net/hphotos-xaf1/t39.2365-6/11057093_824152007634067_1766252919_n.png
[INFO ] 371-2016-03-04 12:36:23,764 method:com.tgb.ccl.http.httpclient.HttpClientUtil.execute(HttpClientUtil.java:371) - 请求地址：http://blog.csdn.net/xiaoxian8023/article/details/49910127
[INFO ] 371-2016-03-04 12:36:23,821 method:com.tgb.ccl.http.httpclient.HttpClientUtil.execute(HttpClientUtil.java:371) - 请求地址：http://ss.bdimg.com/static/superman/img/logo/logo_white_fe6da1ec.png
[INFO ] 371-2016-03-04 12:36:23,826 method:com.tgb.ccl.http.httpclient.HttpClientUtil.execute(HttpClientUtil.java:371) - 请求地址：http://blog.csdn.net/xiaoxian8023/article/details/49910885
[INFO ] 371-2016-03-04 12:36:23,838 method:com.tgb.ccl.http.httpclient.HttpClientUtil.execute(HttpClientUtil.java:371) - 请求地址：https://scontent-hkg3-1.xx.fbcdn.net/hphotos-xaf1/t39.2365-6/11057093_824152007634067_1766252919_n.png
[INFO ] 371-2016-03-04 12:36:23,840 method:com.tgb.ccl.http.httpclient.HttpClientUtil.execute(HttpClientUtil.java:371) - 请求地址：http://blog.csdn.net/xiaoxian8023/article/details/49883113
[INFO ] 371-2016-03-04 12:36:23,899 method:com.tgb.ccl.http.httpclient.HttpClientUtil.execute(HttpClientUtil.java:371) - 请求地址：http://ss.bdimg.com/static/superman/img/logo/logo_white_fe6da1ec.png
[INFO ] 371-2016-03-04 12:36:23,900 method:com.tgb.ccl.http.httpclient.HttpClientUtil.execute(HttpClientUtil.java:371) - 请求地址：http://blog.csdn.net/xiaoxian8023/article/details/49909359
[INFO ] 371-2016-03-04 12:36:23,906 method:com.tgb.ccl.http.httpclient.HttpClientUtil.execute(HttpClientUtil.java:371) - 请求地址：https://scontent-hkg3-1.xx.fbcdn.net/hphotos-xaf1/t39.2365-6/11057093_824152007634067_1766252919_n.png
[INFO ] 371-2016-03-04 12:36:23,909 method:com.tgb.ccl.http.httpclient.HttpClientUtil.execute(HttpClientUtil.java:371) - 请求地址：http://blog.csdn.net/xiaoxian8023/article/details/49910127
[INFO ] 371-2016-03-04 12:36:24,098 method:com.tgb.ccl.http.httpclient.HttpClientUtil.execute(HttpClientUtil.java:371) - 请求地址：http://ss.bdimg.com/static/superman/img/logo/logo_white_fe6da1ec.png
[INFO ] 371-2016-03-04 12:36:24,102 method:com.tgb.ccl.http.httpclient.HttpClientUtil.execute(HttpClientUtil.java:371) - 请求地址：http://blog.csdn.net/xiaoxian8023/article/details/49910885
[INFO ] 371-2016-03-04 12:36:24,104 method:com.tgb.ccl.http.httpclient.HttpClientUtil.execute(HttpClientUtil.java:371) - 请求地址：https://scontent-hkg3-1.xx.fbcdn.net/hphotos-xaf1/t39.2365-6/11057093_824152007634067_1766252919_n.png
[INFO ] 371-2016-03-04 12:36:24,110 method:com.tgb.ccl.http.httpclient.HttpClientUtil.execute(HttpClientUtil.java:371) - 请求地址：http://blog.csdn.net/xiaoxian8023/article/details/49883113
[INFO ] 371-2016-03-04 12:36:24,162 method:com.tgb.ccl.http.httpclient.HttpClientUtil.execute(HttpClientUtil.java:371) - 请求地址：http://ss.bdimg.com/static/superman/img/logo/logo_white_fe6da1ec.png
[INFO ] 371-2016-03-04 12:36:24,163 method:com.tgb.ccl.http.httpclient.HttpClientUtil.execute(HttpClientUtil.java:371) - 请求地址：http://blog.csdn.net/xiaoxian8023/article/details/49909359
[INFO ] 371-2016-03-04 12:36:24,165 method:com.tgb.ccl.http.httpclient.HttpClientUtil.execute(HttpClientUtil.java:371) - 请求地址：https://scontent-hkg3-1.xx.fbcdn.net/hphotos-xaf1/t39.2365-6/11057093_824152007634067_1766252919_n.png
[INFO ] 371-2016-03-04 12:36:24,171 method:com.tgb.ccl.http.httpclient.HttpClientUtil.execute(HttpClientUtil.java:371) - 请求地址：http://blog.csdn.net/xiaoxian8023/article/details/49910127
[INFO ] 371-2016-03-04 12:36:24,288 method:com.tgb.ccl.http.httpclient.HttpClientUtil.execute(HttpClientUtil.java:371) - 请求地址：http://ss.bdimg.com/static/superman/img/logo/logo_white_fe6da1ec.png
[INFO ] 371-2016-03-04 12:36:24,292 method:com.tgb.ccl.http.httpclient.HttpClientUtil.execute(HttpClientUtil.java:371) - 请求地址：http://blog.csdn.net/xiaoxian8023/article/details/49910885
[INFO ] 371-2016-03-04 12:36:24,297 method:com.tgb.ccl.http.httpclient.HttpClientUtil.execute(HttpClientUtil.java:371) - 请求地址：https://scontent-hkg3-1.xx.fbcdn.net/hphotos-xaf1/t39.2365-6/11057093_824152007634067_1766252919_n.png
[INFO ] 371-2016-03-04 12:36:58,651 method:com.tgb.ccl.http.httpclient.HttpClientUtil.execute(HttpClientUtil.java:371) - 请求地址：http://tool.oschina.net/
[INFO ] 371-2016-03-04 12:36:58,821 method:com.tgb.ccl.http.httpclient.HttpClientUtil.execute(HttpClientUtil.java:371) - 请求地址：http://tool.oschina.net/
[INFO ] 371-2016-03-04 12:36:58,883 method:com.tgb.ccl.http.httpclient.HttpClientUtil.execute(HttpClientUtil.java:371) - 请求地址：http://tool.oschina.net/
[INFO ] 371-2016-03-04 12:37:34,108 method:com.tgb.ccl.http.httpclient.HttpClientUtil.execute(HttpClientUtil.java:371) - 请求地址：http://tool.oschina.net/
[INFO ] 371-2016-03-04 12:37:34,293 method:com.tgb.ccl.http.httpclient.HttpClientUtil.execute(HttpClientUtil.java:371) - 请求地址：http://tool.oschina.net/
[INFO ] 371-2016-03-04 12:37:34,347 method:com.tgb.ccl.http.httpclient.HttpClientUtil.execute(HttpClientUtil.java:371) - 请求地址：http://tool.oschina.net/
[INFO ] 371-2016-03-04 12:37:34,457 method:com.tgb.ccl.http.httpclient.HttpClientUtil.execute(HttpClientUtil.java:371) - 请求地址：http://ss.bdimg.com/static/superman/img/logo/logo_white_fe6da1ec.png
[INFO ] 371-2016-03-04 12:37:34,980 method:com.tgb.ccl.http.httpclient.HttpClientUtil.execute(HttpClientUtil.java:371) - 请求地址：http://ss.bdimg.com/static/superman/img/logo/logo_white_fe6da1ec.png
[INFO ] 371-2016-03-04 12:38:54,858 method:com.tgb.ccl.http.httpclient.HttpClientUtil.execute(HttpClientUtil.java:371) - 请求地址：https://scontent-hkg3-1.xx.fbcdn.net/hphotos-xaf1/t39.2365-6/11057093_824152007634067_1766252919_n.png
[INFO ] 371-2016-03-04 12:38:54,859 method:com.tgb.ccl.http.httpclient.HttpClientUtil.execute(HttpClientUtil.java:371) - 请求地址：http://blog.csdn.net/xiaoxian8023/article/details/49883113
[INFO ] 371-2016-03-04 12:38:54,859 method:com.tgb.ccl.http.httpclient.HttpClientUtil.execute(HttpClientUtil.java:371) - 请求地址：http://ss.bdimg.com/static/superman/img/logo/logo_white_fe6da1ec.png
[INFO ] 371-2016-03-04 12:38:54,859 method:com.tgb.ccl.http.httpclient.HttpClientUtil.execute(HttpClientUtil.java:371) - 请求地址：http://blog.csdn.net/xiaoxian8023/article/details/49909359
[INFO ] 371-2016-03-04 12:38:55,023 method:com.tgb.ccl.http.httpclient.HttpClientUtil.execute(HttpClientUtil.java:371) - 请求地址：http://blog.csdn.net/xiaoxian8023/article/details/49910127
[INFO ] 371-2016-03-04 12:38:55,378 method:com.tgb.ccl.http.httpclient.HttpClientUtil.execute(HttpClientUtil.java:371) - 请求地址：http://ss.bdimg.com/static/superman/img/logo/logo_white_fe6da1ec.png
[INFO ] 371-2016-03-04 12:38:55,449 method:com.tgb.ccl.http.httpclient.HttpClientUtil.execute(HttpClientUtil.java:371) - 请求地址：http://blog.csdn.net/xiaoxian8023/article/details/49910885
[INFO ] 371-2016-03-04 12:38:55,504 method:com.tgb.ccl.http.httpclient.HttpClientUtil.execute(HttpClientUtil.java:371) - 请求地址：https://scontent-hkg3-1.xx.fbcdn.net/hphotos-xaf1/t39.2365-6/11057093_824152007634067_1766252919_n.png
[INFO ] 371-2016-03-04 12:38:55,590 method:com.tgb.ccl.http.httpclient.HttpClientUtil.execute(HttpClientUtil.java:371) - 请求地址：http://blog.csdn.net/xiaoxian8023/article/details/49883113
[INFO ] 371-2016-03-04 12:38:55,703 method:com.tgb.ccl.http.httpclient.HttpClientUtil.execute(HttpClientUtil.java:371) - 请求地址：http://ss.bdimg.com/static/superman/img/logo/logo_white_fe6da1ec.png
[INFO ] 371-2016-03-04 12:38:55,784 method:com.tgb.ccl.http.httpclient.HttpClientUtil.execute(HttpClientUtil.java:371) - 请求地址：http://blog.csdn.net/xiaoxian8023/article/details/49909359
[INFO ] 371-2016-03-04 12:38:55,936 method:com.tgb.ccl.http.httpclient.HttpClientUtil.execute(HttpClientUtil.java:371) - 请求地址：https://scontent-hkg3-1.xx.fbcdn.net/hphotos-xaf1/t39.2365-6/11057093_824152007634067_1766252919_n.png
[INFO ] 371-2016-03-04 12:38:57,491 method:com.tgb.ccl.http.httpclient.HttpClientUtil.execute(HttpClientUtil.java:371) - 请求地址：http://blog.csdn.net/xiaoxian8023/article/details/49910127
[INFO ] 371-2016-03-04 12:38:57,552 method:com.tgb.ccl.http.httpclient.HttpClientUtil.execute(HttpClientUtil.java:371) - 请求地址：http://ss.bdimg.com/static/superman/img/logo/logo_white_fe6da1ec.png
[INFO ] 371-2016-03-04 12:38:57,620 method:com.tgb.ccl.http.httpclient.HttpClientUtil.execute(HttpClientUtil.java:371) - 请求地址：http://blog.csdn.net/xiaoxian8023/article/details/49910885
[INFO ] 371-2016-03-04 12:38:57,707 method:com.tgb.ccl.http.httpclient.HttpClientUtil.execute(HttpClientUtil.java:371) - 请求地址：https://scontent-hkg3-1.xx.fbcdn.net/hphotos-xaf1/t39.2365-6/11057093_824152007634067_1766252919_n.png
[INFO ] 371-2016-03-04 12:39:05,940 method:com.tgb.ccl.http.httpclient.HttpClientUtil.execute(HttpClientUtil.java:371) - 请求地址：http://blog.csdn.net/xiaoxian8023/article/details/49883113
[INFO ] 371-2016-03-04 12:39:06,109 method:com.tgb.ccl.http.httpclient.HttpClientUtil.execute(HttpClientUtil.java:371) - 请求地址：http://ss.bdimg.com/static/superman/img/logo/logo_white_fe6da1ec.png
[INFO ] 371-2016-03-04 12:39:06,189 method:com.tgb.ccl.http.httpclient.HttpClientUtil.execute(HttpClientUtil.java:371) - 请求地址：http://blog.csdn.net/xiaoxian8023/article/details/49909359
[INFO ] 371-2016-03-04 12:39:06,273 method:com.tgb.ccl.http.httpclient.HttpClientUtil.execute(HttpClientUtil.java:371) - 请求地址：https://scontent-hkg3-1.xx.fbcdn.net/hphotos-xaf1/t39.2365-6/11057093_824152007634067_1766252919_n.png
[INFO ] 371-2016-03-04 12:39:07,265 method:com.tgb.ccl.http.httpclient.HttpClientUtil.execute(HttpClientUtil.java:371) - 请求地址：http://blog.csdn.net/xiaoxian8023/article/details/49910127
[INFO ] 371-2016-03-04 12:39:07,266 method:com.tgb.ccl.http.httpclient.HttpClientUtil.execute(HttpClientUtil.java:371) - 请求地址：http://ss.bdimg.com/static/superman/img/logo/logo_white_fe6da1ec.png
[INFO ] 371-2016-03-04 12:39:07,344 method:com.tgb.ccl.http.httpclient.HttpClientUtil.execute(HttpClientUtil.java:371) - 请求地址：http://blog.csdn.net/xiaoxian8023/article/details/49910885
[INFO ] 371-2016-03-04 12:39:07,364 method:com.tgb.ccl.http.httpclient.HttpClientUtil.execute(HttpClientUtil.java:371) - 请求地址：https://scontent-hkg3-1.xx.fbcdn.net/hphotos-xaf1/t39.2365-6/11057093_824152007634067_1766252919_n.png
[INFO ] 371-2016-03-04 12:39:07,549 method:com.tgb.ccl.http.httpclient.HttpClientUtil.execute(HttpClientUtil.java:371) - 请求地址：http://blog.csdn.net/xiaoxian8023/article/details/49883113
[INFO ] 371-2016-03-04 12:39:07,733 method:com.tgb.ccl.http.httpclient.HttpClientUtil.execute(HttpClientUtil.java:371) - 请求地址：http://ss.bdimg.com/static/superman/img/logo/logo_white_fe6da1ec.png
[INFO ] 371-2016-03-04 12:39:07,814 method:com.tgb.ccl.http.httpclient.HttpClientUtil.execute(HttpClientUtil.java:371) - 请求地址：http://blog.csdn.net/xiaoxian8023/article/details/49909359
[INFO ] 371-2016-03-04 12:39:07,925 method:com.tgb.ccl.http.httpclient.HttpClientUtil.execute(HttpClientUtil.java:371) - 请求地址：https://scontent-hkg3-1.xx.fbcdn.net/hphotos-xaf1/t39.2365-6/11057093_824152007634067_1766252919_n.png
[INFO ] 371-2016-03-04 12:39:17,268 method:com.tgb.ccl.http.httpclient.HttpClientUtil.execute(HttpClientUtil.java:371) - 请求地址：http://blog.csdn.net/xiaoxian8023/article/details/49910127
[INFO ] 371-2016-03-04 12:39:17,269 method:com.tgb.ccl.http.httpclient.HttpClientUtil.execute(HttpClientUtil.java:371) - 请求地址：http://ss.bdimg.com/static/superman/img/logo/logo_white_fe6da1ec.png
[INFO ] 371-2016-03-04 12:39:17,338 method:com.tgb.ccl.http.httpclient.HttpClientUtil.execute(HttpClientUtil.java:371) - 请求地址：http://blog.csdn.net/xiaoxian8023/article/details/49910885
[INFO ] 371-2016-03-04 12:39:17,405 method:com.tgb.ccl.http.httpclient.HttpClientUtil.execute(HttpClientUtil.java:371) - 请求地址：https://scontent-hkg3-1.xx.fbcdn.net/hphotos-xaf1/t39.2365-6/11057093_824152007634067_1766252919_n.png
[INFO ] 371-2016-03-04 12:39:17,429 method:com.tgb.ccl.http.httpclient.HttpClientUtil.execute(HttpClientUtil.java:371) - 请求地址：http://blog.csdn.net/xiaoxian8023/article/details/49883113
[INFO ] 371-2016-03-04 12:39:17,571 method:com.tgb.ccl.http.httpclient.HttpClientUtil.execute(HttpClientUtil.java:371) - 请求地址：http://ss.bdimg.com/static/superman/img/logo/logo_white_fe6da1ec.png
[INFO ] 371-2016-03-04 12:39:17,647 method:com.tgb.ccl.http.httpclient.HttpClientUtil.execute(HttpClientUtil.java:371) - 请求地址：http://blog.csdn.net/xiaoxian8023/article/details/49909359
[INFO ] 371-2016-03-04 12:39:17,717 method:com.tgb.ccl.http.httpclient.HttpClientUtil.execute(HttpClientUtil.java:371) - 请求地址：https://scontent-hkg3-1.xx.fbcdn.net/hphotos-xaf1/t39.2365-6/11057093_824152007634067_1766252919_n.png
[INFO ] 371-2016-03-04 12:39:27,272 method:com.tgb.ccl.http.httpclient.HttpClientUtil.execute(HttpClientUtil.java:371) - 请求地址：http://blog.csdn.net/xiaoxian8023/article/details/49910127
[INFO ] 371-2016-03-04 12:39:27,274 method:com.tgb.ccl.http.httpclient.HttpClientUtil.execute(HttpClientUtil.java:371) - 请求地址：http://ss.bdimg.com/static/superman/img/logo/logo_white_fe6da1ec.png
[INFO ] 371-2016-03-04 12:39:27,343 method:com.tgb.ccl.http.httpclient.HttpClientUtil.execute(HttpClientUtil.java:371) - 请求地址：http://blog.csdn.net/xiaoxian8023/article/details/49910885
[INFO ] 371-2016-03-04 12:39:27,403 method:com.tgb.ccl.http.httpclient.HttpClientUtil.execute(HttpClientUtil.java:371) - 请求地址：https://scontent-hkg3-1.xx.fbcdn.net/hphotos-xaf1/t39.2365-6/11057093_824152007634067_1766252919_n.png
[INFO ] 371-2016-03-04 12:39:27,438 method:com.tgb.ccl.http.httpclient.HttpClientUtil.execute(HttpClientUtil.java:371) - 请求地址：http://blog.csdn.net/xiaoxian8023/article/details/49883113
[INFO ] 371-2016-03-04 12:39:27,511 method:com.tgb.ccl.http.httpclient.HttpClientUtil.execute(HttpClientUtil.java:371) - 请求地址：http://ss.bdimg.com/static/superman/img/logo/logo_white_fe6da1ec.png
[INFO ] 371-2016-03-04 12:39:27,585 method:com.tgb.ccl.http.httpclient.HttpClientUtil.execute(HttpClientUtil.java:371) - 请求地址：http://blog.csdn.net/xiaoxian8023/article/details/49909359
[INFO ] 371-2016-03-04 12:39:27,660 method:com.tgb.ccl.http.httpclient.HttpClientUtil.execute(HttpClientUtil.java:371) - 请求地址：https://scontent-hkg3-1.xx.fbcdn.net/hphotos-xaf1/t39.2365-6/11057093_824152007634067_1766252919_n.png
[INFO ] 371-2016-03-04 12:39:37,408 method:com.tgb.ccl.http.httpclient.HttpClientUtil.execute(HttpClientUtil.java:371) - 请求地址：http://blog.csdn.net/xiaoxian8023/article/details/49910127
[INFO ] 371-2016-03-04 12:39:37,627 method:com.tgb.ccl.http.httpclient.HttpClientUtil.execute(HttpClientUtil.java:371) - 请求地址：http://ss.bdimg.com/static/superman/img/logo/logo_white_fe6da1ec.png
[INFO ] 371-2016-03-04 12:39:37,664 method:com.tgb.ccl.http.httpclient.HttpClientUtil.execute(HttpClientUtil.java:371) - 请求地址：http://blog.csdn.net/xiaoxian8023/article/details/49910885
[INFO ] 371-2016-03-04 12:39:37,694 method:com.tgb.ccl.http.httpclient.HttpClientUtil.execute(HttpClientUtil.java:371) - 请求地址：https://scontent-hkg3-1.xx.fbcdn.net/hphotos-xaf1/t39.2365-6/11057093_824152007634067_1766252919_n.png
[INFO ] 371-2016-03-04 12:39:37,779 method:com.tgb.ccl.http.httpclient.HttpClientUtil.execute(HttpClientUtil.java:371) - 请求地址：http://blog.csdn.net/xiaoxian8023/article/details/49883113
[INFO ] 371-2016-03-04 12:39:37,945 method:com.tgb.ccl.http.httpclient.HttpClientUtil.execute(HttpClientUtil.java:371) - 请求地址：http://ss.bdimg.com/static/superman/img/logo/logo_white_fe6da1ec.png
[INFO ] 371-2016-03-04 12:39:38,027 method:com.tgb.ccl.http.httpclient.HttpClientUtil.execute(HttpClientUtil.java:371) - 请求地址：http://blog.csdn.net/xiaoxian8023/article/details/49909359
[INFO ] 371-2016-03-04 12:39:38,112 method:com.tgb.ccl.http.httpclient.HttpClientUtil.execute(HttpClientUtil.java:371) - 请求地址：https://scontent-hkg3-1.xx.fbcdn.net/hphotos-xaf1/t39.2365-6/11057093_824152007634067_1766252919_n.png
[INFO ] 371-2016-03-04 12:39:39,480 method:com.tgb.ccl.http.httpclient.HttpClientUtil.execute(HttpClientUtil.java:371) - 请求地址：http://blog.csdn.net/xiaoxian8023/article/details/49910127
[INFO ] 371-2016-03-04 12:39:39,481 method:com.tgb.ccl.http.httpclient.HttpClientUtil.execute(HttpClientUtil.java:371) - 请求地址：http://ss.bdimg.com/static/superman/img/logo/logo_white_fe6da1ec.png
[INFO ] 371-2016-03-04 12:39:39,554 method:com.tgb.ccl.http.httpclient.HttpClientUtil.execute(HttpClientUtil.java:371) - 请求地址：http://blog.csdn.net/xiaoxian8023/article/details/49910885
[INFO ] 371-2016-03-04 12:39:39,629 method:com.tgb.ccl.http.httpclient.HttpClientUtil.execute(HttpClientUtil.java:371) - 请求地址：https://scontent-hkg3-1.xx.fbcdn.net/hphotos-xaf1/t39.2365-6/11057093_824152007634067_1766252919_n.png
[INFO ] 371-2016-03-04 12:39:39,655 method:com.tgb.ccl.http.httpclient.HttpClientUtil.execute(HttpClientUtil.java:371) - 请求地址：http://blog.csdn.net/xiaoxian8023/article/details/49883113
[INFO ] 371-2016-03-04 12:39:39,755 method:com.tgb.ccl.http.httpclient.HttpClientUtil.execute(HttpClientUtil.java:371) - 请求地址：http://ss.bdimg.com/static/superman/img/logo/logo_white_fe6da1ec.png
[INFO ] 371-2016-03-04 12:39:39,837 method:com.tgb.ccl.http.httpclient.HttpClientUtil.execute(HttpClientUtil.java:371) - 请求地址：http://blog.csdn.net/xiaoxian8023/article/details/49909359
[INFO ] 371-2016-03-04 12:39:40,014 method:com.tgb.ccl.http.httpclient.HttpClientUtil.execute(HttpClientUtil.java:371) - 请求地址：https://scontent-hkg3-1.xx.fbcdn.net/hphotos-xaf1/t39.2365-6/11057093_824152007634067_1766252919_n.png
[INFO ] 371-2016-03-04 12:39:49,491 method:com.tgb.ccl.http.httpclient.HttpClientUtil.execute(HttpClientUtil.java:371) - 请求地址：http://blog.csdn.net/xiaoxian8023/article/details/49910127
[INFO ] 371-2016-03-04 12:39:49,492 method:com.tgb.ccl.http.httpclient.HttpClientUtil.execute(HttpClientUtil.java:371) - 请求地址：http://ss.bdimg.com/static/superman/img/logo/logo_white_fe6da1ec.png
[INFO ] 371-2016-03-04 12:39:49,569 method:com.tgb.ccl.http.httpclient.HttpClientUtil.execute(HttpClientUtil.java:371) - 请求地址：http://blog.csdn.net/xiaoxian8023/article/details/49910885
[INFO ] 371-2016-03-04 12:39:49,588 method:com.tgb.ccl.http.httpclient.HttpClientUtil.execute(HttpClientUtil.java:371) - 请求地址：https://scontent-hkg3-1.xx.fbcdn.net/hphotos-xaf1/t39.2365-6/11057093_824152007634067_1766252919_n.png
[INFO ] 371-2016-03-04 12:39:49,700 method:com.tgb.ccl.http.httpclient.HttpClientUtil.execute(HttpClientUtil.java:371) - 请求地址：http://blog.csdn.net/xiaoxian8023/article/details/49883113
[INFO ] 371-2016-03-04 12:39:49,819 method:com.tgb.ccl.http.httpclient.HttpClientUtil.execute(HttpClientUtil.java:371) - 请求地址：http://ss.bdimg.com/static/superman/img/logo/logo_white_fe6da1ec.png
[INFO ] 371-2016-03-04 12:39:49,890 method:com.tgb.ccl.http.httpclient.HttpClientUtil.execute(HttpClientUtil.java:371) - 请求地址：http://blog.csdn.net/xiaoxian8023/article/details/49909359
[INFO ] 371-2016-03-04 12:39:49,997 method:com.tgb.ccl.http.httpclient.HttpClientUtil.execute(HttpClientUtil.java:371) - 请求地址：https://scontent-hkg3-1.xx.fbcdn.net/hphotos-xaf1/t39.2365-6/11057093_824152007634067_1766252919_n.png
[INFO ] 371-2016-03-04 12:39:59,496 method:com.tgb.ccl.http.httpclient.HttpClientUtil.execute(HttpClientUtil.java:371) - 请求地址：http://blog.csdn.net/xiaoxian8023/article/details/49910127
[INFO ] 371-2016-03-04 12:39:59,497 method:com.tgb.ccl.http.httpclient.HttpClientUtil.execute(HttpClientUtil.java:371) - 请求地址：http://ss.bdimg.com/static/superman/img/logo/logo_white_fe6da1ec.png
[INFO ] 371-2016-03-04 12:39:59,598 method:com.tgb.ccl.http.httpclient.HttpClientUtil.execute(HttpClientUtil.java:371) - 请求地址：http://blog.csdn.net/xiaoxian8023/article/details/49910885
[INFO ] 371-2016-03-04 12:39:59,614 method:com.tgb.ccl.http.httpclient.HttpClientUtil.execute(HttpClientUtil.java:371) - 请求地址：https://scontent-hkg3-1.xx.fbcdn.net/hphotos-xaf1/t39.2365-6/11057093_824152007634067_1766252919_n.png
[INFO ] 371-2016-03-04 12:39:59,653 method:com.tgb.ccl.http.httpclient.HttpClientUtil.execute(HttpClientUtil.java:371) - 请求地址：http://blog.csdn.net/xiaoxian8023/article/details/49883113
[INFO ] 371-2016-03-04 12:39:59,748 method:com.tgb.ccl.http.httpclient.HttpClientUtil.execute(HttpClientUtil.java:371) - 请求地址：http://ss.bdimg.com/static/superman/img/logo/logo_white_fe6da1ec.png
[INFO ] 371-2016-03-04 12:39:59,823 method:com.tgb.ccl.http.httpclient.HttpClientUtil.execute(HttpClientUtil.java:371) - 请求地址：http://blog.csdn.net/xiaoxian8023/article/details/49909359
[INFO ] 371-2016-03-04 12:40:00,011 method:com.tgb.ccl.http.httpclient.HttpClientUtil.execute(HttpClientUtil.java:371) - 请求地址：https://scontent-hkg3-1.xx.fbcdn.net/hphotos-xaf1/t39.2365-6/11057093_824152007634067_1766252919_n.png
[INFO ] 371-2016-03-04 12:40:09,620 method:com.tgb.ccl.http.httpclient.HttpClientUtil.execute(HttpClientUtil.java:371) - 请求地址：http://blog.csdn.net/xiaoxian8023/article/details/49910127
[INFO ] 371-2016-03-04 12:40:09,727 method:com.tgb.ccl.http.httpclient.HttpClientUtil.execute(HttpClientUtil.java:371) - 请求地址：http://ss.bdimg.com/static/superman/img/logo/logo_white_fe6da1ec.png
[INFO ] 371-2016-03-04 12:40:09,799 method:com.tgb.ccl.http.httpclient.HttpClientUtil.execute(HttpClientUtil.java:371) - 请求地址：http://blog.csdn.net/xiaoxian8023/article/details/49910885
[INFO ] 371-2016-03-04 12:40:09,851 method:com.tgb.ccl.http.httpclient.HttpClientUtil.execute(HttpClientUtil.java:371) - 请求地址：https://scontent-hkg3-1.xx.fbcdn.net/hphotos-xaf1/t39.2365-6/11057093_824152007634067_1766252919_n.png
